


ARM Macro Assembler    Page 1 


    1 00000000                 PRESERVE8
    2 00000000                 THUMB
    3 00000000                 export           DFT_ModuleAuCarre
    4 00000000                 export           retour
    5 00000000         
    6 00000000         ; ====================== zone de réservation de données,
                         ======================================
    7 00000000         ;Section RAM (read only) :
    8 00000000                 area             mesdata,data,readonly
    9 00000000         
   10 00000000         
   11 00000000         ;Section RAM (read write):
   12 00000000                 area             maram,data,readwrite
   13 00000000         
   14 00000000 00 00   index   dcw              0
   15 00000002 00 00   retour  dcw              0
   16 00000004         
   17 00000004         ; ======================================================
                       =========================================
   18 00000004         
   19 00000004         
   20 00000004         
   21 00000004         
   22 00000004         ;Section ROM code (read only) :  
   23 00000004                 area             moncode,code,readonly
   24 00000000         ; écrire le code ici  
   25 00000000         
   26 00000000         DFT_ModuleAuCarre
                               PROC
   27 00000000         
   28 00000000 F8DF 8030       ldr              r8,=retour
   29 00000004 4A0C            ldr              r2,=index
   30 00000006 4B0D            ldr              r3,=TabCos
   31 00000008 4C0D            ldr              r4,=TabSin
   32 0000000A 6805            ldr              r5,[r0]     ;LeSignal
   33 0000000C 680E            ldr              r6,[r1]     ;k
   34 0000000E 6817            ldr              r7,[r2]
   35 00000010 F04F 0A00       mov              r10,#0
   36 00000014         
   37 00000014 2F3F            cmp              r7,#63
   38 00000016 D009            beq              Exit
   39 00000018         Boucle
   40 00000018         
   41 00000018 F931 9014       ldrsh            r9,[r1,r4,lsl #1]
   42 0000001C F933 C014       ldrsh            r12,[r3,r4,lsl #1]
   43 00000020         
   44 00000020 FB09 F90C       mul              r9,r12
   45 00000024 44CA            add              r10,r9
   46 00000026         
   47 00000026 F107 0701       add              r7,#1
   48 0000002A 8017            strh             r7,[r2]
   49 0000002C         
   50 0000002C         Exit
   51 0000002C F8A8 A000       strh             r10,[r8]
   52 00000030 4770            bx               lr
   53 00000032                 ENDP
   54 00000032         
   55 00000032         
   56 00000032         ;Section ROM code (read only) :  



ARM Macro Assembler    Page 2 


   57 00000032 00 00 00000000 
              00000000 
              00000000 
              00000000         AREA             Trigo, DATA, READONLY
   58 00000000         ; codage fractionnaire 1.15
   59 00000000         
   60 00000000         TabCos
   61 00000000 FF 7F           DCW              32767       ;  0 0x7fff  0.9999
                                                            7
   62 00000002 62 7F           DCW              32610       ;  1 0x7f62  0.9951
                                                            8
   63 00000004 8A 7D           DCW              32138       ;  2 0x7d8a  0.9807
                                                            7
   64 00000006 7D 7A           DCW              31357       ;  3 0x7a7d  0.9569
                                                            4
   65 00000008 42 76           DCW              30274       ;  4 0x7642  0.9238
                                                            9
   66 0000000A E3 70           DCW              28899       ;  5 0x70e3  0.8819
                                                            3
   67 0000000C 6E 6A           DCW              27246       ;  6 0x6a6e  0.8314
                                                            8
   68 0000000E F2 62           DCW              25330       ;  7 0x62f2  0.7730
                                                            1
   69 00000010 82 5A           DCW              23170       ;  8 0x5a82  0.7070
                                                            9
   70 00000012 34 51           DCW              20788       ;  9 0x5134  0.6344
                                                            0
   71 00000014 1D 47           DCW              18205       ; 10 0x471d  0.5555
                                                            7
   72 00000016 57 3C           DCW              15447       ; 11 0x3c57  0.4714
                                                            1
   73 00000018 FC 30           DCW              12540       ; 12 0x30fc  0.3826
                                                            9
   74 0000001A 28 25           DCW              9512        ; 13 0x2528  0.2902
                                                            8
   75 0000001C F9 18           DCW              6393        ; 14 0x18f9  0.1951
                                                            0
   76 0000001E 8C 0C           DCW              3212        ; 15 0x0c8c  0.0980
                                                            2
   77 00000020 00 00           DCW              0           ; 16 0x0000  0.0000
                                                            0
   78 00000022 74 F3           DCW              -3212       ; 17 0xf374 -0.0980
                                                            2
   79 00000024 07 E7           DCW              -6393       ; 18 0xe707 -0.1951
                                                            0
   80 00000026 D8 DA           DCW              -9512       ; 19 0xdad8 -0.2902
                                                            8
   81 00000028 04 CF           DCW              -12540      ; 20 0xcf04 -0.3826
                                                            9
   82 0000002A A9 C3           DCW              -15447      ; 21 0xc3a9 -0.4714
                                                            1
   83 0000002C E3 B8           DCW              -18205      ; 22 0xb8e3 -0.5555
                                                            7
   84 0000002E CC AE           DCW              -20788      ; 23 0xaecc -0.6344
                                                            0
   85 00000030 7E A5           DCW              -23170      ; 24 0xa57e -0.7070
                                                            9
   86 00000032 0E 9D           DCW              -25330      ; 25 0x9d0e -0.7730
                                                            1



ARM Macro Assembler    Page 3 


   87 00000034 92 95           DCW              -27246      ; 26 0x9592 -0.8314
                                                            8
   88 00000036 1D 8F           DCW              -28899      ; 27 0x8f1d -0.8819
                                                            3
   89 00000038 BE 89           DCW              -30274      ; 28 0x89be -0.9238
                                                            9
   90 0000003A 83 85           DCW              -31357      ; 29 0x8583 -0.9569
                                                            4
   91 0000003C 76 82           DCW              -32138      ; 30 0x8276 -0.9807
                                                            7
   92 0000003E 9E 80           DCW              -32610      ; 31 0x809e -0.9951
                                                            8
   93 00000040 00 80           DCW              -32768      ; 32 0x8000 -1.0000
                                                            0
   94 00000042 9E 80           DCW              -32610      ; 33 0x809e -0.9951
                                                            8
   95 00000044 76 82           DCW              -32138      ; 34 0x8276 -0.9807
                                                            7
   96 00000046 83 85           DCW              -31357      ; 35 0x8583 -0.9569
                                                            4
   97 00000048 BE 89           DCW              -30274      ; 36 0x89be -0.9238
                                                            9
   98 0000004A 1D 8F           DCW              -28899      ; 37 0x8f1d -0.8819
                                                            3
   99 0000004C 92 95           DCW              -27246      ; 38 0x9592 -0.8314
                                                            8
  100 0000004E 0E 9D           DCW              -25330      ; 39 0x9d0e -0.7730
                                                            1
  101 00000050 7E A5           DCW              -23170      ; 40 0xa57e -0.7070
                                                            9
  102 00000052 CC AE           DCW              -20788      ; 41 0xaecc -0.6344
                                                            0
  103 00000054 E3 B8           DCW              -18205      ; 42 0xb8e3 -0.5555
                                                            7
  104 00000056 A9 C3           DCW              -15447      ; 43 0xc3a9 -0.4714
                                                            1
  105 00000058 04 CF           DCW              -12540      ; 44 0xcf04 -0.3826
                                                            9
  106 0000005A D8 DA           DCW              -9512       ; 45 0xdad8 -0.2902
                                                            8
  107 0000005C 07 E7           DCW              -6393       ; 46 0xe707 -0.1951
                                                            0
  108 0000005E 74 F3           DCW              -3212       ; 47 0xf374 -0.0980
                                                            2
  109 00000060 00 00           DCW              0           ; 48 0x0000  0.0000
                                                            0
  110 00000062 8C 0C           DCW              3212        ; 49 0x0c8c  0.0980
                                                            2
  111 00000064 F9 18           DCW              6393        ; 50 0x18f9  0.1951
                                                            0
  112 00000066 28 25           DCW              9512        ; 51 0x2528  0.2902
                                                            8
  113 00000068 FC 30           DCW              12540       ; 52 0x30fc  0.3826
                                                            9
  114 0000006A 57 3C           DCW              15447       ; 53 0x3c57  0.4714
                                                            1
  115 0000006C 1D 47           DCW              18205       ; 54 0x471d  0.5555
                                                            7
  116 0000006E 34 51           DCW              20788       ; 55 0x5134  0.6344



ARM Macro Assembler    Page 4 


                                                            0
  117 00000070 82 5A           DCW              23170       ; 56 0x5a82  0.7070
                                                            9
  118 00000072 F2 62           DCW              25330       ; 57 0x62f2  0.7730
                                                            1
  119 00000074 6E 6A           DCW              27246       ; 58 0x6a6e  0.8314
                                                            8
  120 00000076 E3 70           DCW              28899       ; 59 0x70e3  0.8819
                                                            3
  121 00000078 42 76           DCW              30274       ; 60 0x7642  0.9238
                                                            9
  122 0000007A 7D 7A           DCW              31357       ; 61 0x7a7d  0.9569
                                                            4
  123 0000007C 8A 7D           DCW              32138       ; 62 0x7d8a  0.9807
                                                            7
  124 0000007E 62 7F           DCW              32610       ; 63 0x7f62  0.9951
                                                            8
  125 00000080         TabSin
  126 00000080 00 00           DCW              0           ;  0 0x0000  0.0000
                                                            0
  127 00000082 8C 0C           DCW              3212        ;  1 0x0c8c  0.0980
                                                            2
  128 00000084 F9 18           DCW              6393        ;  2 0x18f9  0.1951
                                                            0
  129 00000086 28 25           DCW              9512        ;  3 0x2528  0.2902
                                                            8
  130 00000088 FC 30           DCW              12540       ;  4 0x30fc  0.3826
                                                            9
  131 0000008A 57 3C           DCW              15447       ;  5 0x3c57  0.4714
                                                            1
  132 0000008C 1D 47           DCW              18205       ;  6 0x471d  0.5555
                                                            7
  133 0000008E 34 51           DCW              20788       ;  7 0x5134  0.6344
                                                            0
  134 00000090 82 5A           DCW              23170       ;  8 0x5a82  0.7070
                                                            9
  135 00000092 F2 62           DCW              25330       ;  9 0x62f2  0.7730
                                                            1
  136 00000094 6E 6A           DCW              27246       ; 10 0x6a6e  0.8314
                                                            8
  137 00000096 E3 70           DCW              28899       ; 11 0x70e3  0.8819
                                                            3
  138 00000098 42 76           DCW              30274       ; 12 0x7642  0.9238
                                                            9
  139 0000009A 7D 7A           DCW              31357       ; 13 0x7a7d  0.9569
                                                            4
  140 0000009C 8A 7D           DCW              32138       ; 14 0x7d8a  0.9807
                                                            7
  141 0000009E 62 7F           DCW              32610       ; 15 0x7f62  0.9951
                                                            8
  142 000000A0 FF 7F           DCW              32767       ; 16 0x7fff  0.9999
                                                            7
  143 000000A2 62 7F           DCW              32610       ; 17 0x7f62  0.9951
                                                            8
  144 000000A4 8A 7D           DCW              32138       ; 18 0x7d8a  0.9807
                                                            7
  145 000000A6 7D 7A           DCW              31357       ; 19 0x7a7d  0.9569
                                                            4
  146 000000A8 42 76           DCW              30274       ; 20 0x7642  0.9238



ARM Macro Assembler    Page 5 


                                                            9
  147 000000AA E3 70           DCW              28899       ; 21 0x70e3  0.8819
                                                            3
  148 000000AC 6E 6A           DCW              27246       ; 22 0x6a6e  0.8314
                                                            8
  149 000000AE F2 62           DCW              25330       ; 23 0x62f2  0.7730
                                                            1
  150 000000B0 82 5A           DCW              23170       ; 24 0x5a82  0.7070
                                                            9
  151 000000B2 34 51           DCW              20788       ; 25 0x5134  0.6344
                                                            0
  152 000000B4 1D 47           DCW              18205       ; 26 0x471d  0.5555
                                                            7
  153 000000B6 57 3C           DCW              15447       ; 27 0x3c57  0.4714
                                                            1
  154 000000B8 FC 30           DCW              12540       ; 28 0x30fc  0.3826
                                                            9
  155 000000BA 28 25           DCW              9512        ; 29 0x2528  0.2902
                                                            8
  156 000000BC F9 18           DCW              6393        ; 30 0x18f9  0.1951
                                                            0
  157 000000BE 8C 0C           DCW              3212        ; 31 0x0c8c  0.0980
                                                            2
  158 000000C0 00 00           DCW              0           ; 32 0x0000  0.0000
                                                            0
  159 000000C2 74 F3           DCW              -3212       ; 33 0xf374 -0.0980
                                                            2
  160 000000C4 07 E7           DCW              -6393       ; 34 0xe707 -0.1951
                                                            0
  161 000000C6 D8 DA           DCW              -9512       ; 35 0xdad8 -0.2902
                                                            8
  162 000000C8 04 CF           DCW              -12540      ; 36 0xcf04 -0.3826
                                                            9
  163 000000CA A9 C3           DCW              -15447      ; 37 0xc3a9 -0.4714
                                                            1
  164 000000CC E3 B8           DCW              -18205      ; 38 0xb8e3 -0.5555
                                                            7
  165 000000CE CC AE           DCW              -20788      ; 39 0xaecc -0.6344
                                                            0
  166 000000D0 7E A5           DCW              -23170      ; 40 0xa57e -0.7070
                                                            9
  167 000000D2 0E 9D           DCW              -25330      ; 41 0x9d0e -0.7730
                                                            1
  168 000000D4 92 95           DCW              -27246      ; 42 0x9592 -0.8314
                                                            8
  169 000000D6 1D 8F           DCW              -28899      ; 43 0x8f1d -0.8819
                                                            3
  170 000000D8 BE 89           DCW              -30274      ; 44 0x89be -0.9238
                                                            9
  171 000000DA 83 85           DCW              -31357      ; 45 0x8583 -0.9569
                                                            4
  172 000000DC 76 82           DCW              -32138      ; 46 0x8276 -0.9807
                                                            7
  173 000000DE 9E 80           DCW              -32610      ; 47 0x809e -0.9951
                                                            8
  174 000000E0 00 80           DCW              -32768      ; 48 0x8000 -1.0000
                                                            0
  175 000000E2 9E 80           DCW              -32610      ; 49 0x809e -0.9951
                                                            8



ARM Macro Assembler    Page 6 


  176 000000E4 76 82           DCW              -32138      ; 50 0x8276 -0.9807
                                                            7
  177 000000E6 83 85           DCW              -31357      ; 51 0x8583 -0.9569
                                                            4
  178 000000E8 BE 89           DCW              -30274      ; 52 0x89be -0.9238
                                                            9
  179 000000EA 1D 8F           DCW              -28899      ; 53 0x8f1d -0.8819
                                                            3
  180 000000EC 92 95           DCW              -27246      ; 54 0x9592 -0.8314
                                                            8
  181 000000EE 0E 9D           DCW              -25330      ; 55 0x9d0e -0.7730
                                                            1
  182 000000F0 7E A5           DCW              -23170      ; 56 0xa57e -0.7070
                                                            9
  183 000000F2 CC AE           DCW              -20788      ; 57 0xaecc -0.6344
                                                            0
  184 000000F4 E3 B8           DCW              -18205      ; 58 0xb8e3 -0.5555
                                                            7
  185 000000F6 A9 C3           DCW              -15447      ; 59 0xc3a9 -0.4714
                                                            1
  186 000000F8 04 CF           DCW              -12540      ; 60 0xcf04 -0.3826
                                                            9
  187 000000FA D8 DA           DCW              -9512       ; 61 0xdad8 -0.2902
                                                            8
  188 000000FC 07 E7           DCW              -6393       ; 62 0xe707 -0.1951
                                                            0
  189 000000FE 74 F3           DCW              -3212       ; 63 0xf374 -0.0980
                                                            2
  190 00000100         
  191 00000100         
  192 00000100         
  193 00000100         
  194 00000100                 END
Command Line: --debug --xref --diag_suppress=9931 --cpu=Cortex-M3 --apcs=interw
ork --depend=.\obj\dft.d -o.\obj\dft.o -I.\RTE\_Simu -IC:\Programdata\Keil\Arm\
Packs\ARM\CMSIS\5.7.0\CMSIS\Core\Include -IC:\Programdata\Keil\Arm\Packs\Keil\S
TM32F1xx_DFP\2.3.0\Device\Include --predefine="__EVAL SETA 1" --predefine="__MI
CROLIB SETA 1" --predefine="__UVISION_VERSION SETA 534" --predefine="_RTE_ SETA
 1" --predefine="STM32F10X_MD SETA 1" --predefine="_RTE_ SETA 1" --list=dft.lst
 Src\DFT.s



ARM Macro Assembler    Page 1 Alphabetic symbol ordering
Relocatable symbols

mesdata 00000000

Symbol: mesdata
   Definitions
      At line 8 in file Src\DFT.s
   Uses
      None
Comment: mesdata unused
1 symbol



ARM Macro Assembler    Page 1 Alphabetic symbol ordering
Relocatable symbols

index 00000000

Symbol: index
   Definitions
      At line 14 in file Src\DFT.s
   Uses
      At line 29 in file Src\DFT.s
Comment: index used once
maram 00000000

Symbol: maram
   Definitions
      At line 12 in file Src\DFT.s
   Uses
      None
Comment: maram unused
retour 00000002

Symbol: retour
   Definitions
      At line 15 in file Src\DFT.s
   Uses
      At line 4 in file Src\DFT.s
      At line 28 in file Src\DFT.s

3 symbols



ARM Macro Assembler    Page 1 Alphabetic symbol ordering
Relocatable symbols

Boucle 00000018

Symbol: Boucle
   Definitions
      At line 39 in file Src\DFT.s
   Uses
      None
Comment: Boucle unused
DFT_ModuleAuCarre 00000000

Symbol: DFT_ModuleAuCarre
   Definitions
      At line 26 in file Src\DFT.s
   Uses
      At line 3 in file Src\DFT.s
Comment: DFT_ModuleAuCarre used once
Exit 0000002C

Symbol: Exit
   Definitions
      At line 50 in file Src\DFT.s
   Uses
      At line 38 in file Src\DFT.s
Comment: Exit used once
moncode 00000000

Symbol: moncode
   Definitions
      At line 23 in file Src\DFT.s
   Uses
      None
Comment: moncode unused
4 symbols



ARM Macro Assembler    Page 1 Alphabetic symbol ordering
Relocatable symbols

TabCos 00000000

Symbol: TabCos
   Definitions
      At line 60 in file Src\DFT.s
   Uses
      At line 30 in file Src\DFT.s
Comment: TabCos used once
TabSin 00000080

Symbol: TabSin
   Definitions
      At line 125 in file Src\DFT.s
   Uses
      At line 31 in file Src\DFT.s
Comment: TabSin used once
Trigo 00000000

Symbol: Trigo
   Definitions
      At line 57 in file Src\DFT.s
   Uses
      None
Comment: Trigo unused
3 symbols
348 symbols in table
