


ARM Macro Assembler    Page 1 


    1 00000000                 PRESERVE8
    2 00000000                 THUMB
    3 00000000                 export           callbackson
    4 00000000                 export           startson
    5 00000000                 import           Son
    6 00000000                 import           LongueurSon
    7 00000000                 export           index
    8 00000000                 import           PWM_Set_Value_TIM3_Ch3
    9 00000000                 include          DriverJeuLaser.inc
    1 00000000         
    2 00000000         ; Bibliotheque DriverJeuLaser (ancienne gassp72 adaptée 
                       2021 - TR)
    3 00000000         ; Accès en aux fonctions suivantes :
    4 00000000         ; GPIO :
    5 00000000         ; GPIOA_Set(char Broche), GPIOB_Set(char Broche), GPIOC_
                       Set(char Broche)
    6 00000000         ; GPIOA_Clear(char Broche), GPIOB_Clear(char Broche), GP
                       IOC_Clear(char Broche)
    7 00000000         
    8 00000000         ; PWM :
    9 00000000         ;/**
   10 00000000         ; * @brief  Fixe une valeur de PWM, Val, en tick horloge
                       . La rapport cyclique effectif
   11 00000000         ; * est donc : rcy = Thaut_ticks / Periode_ticks
   12 00000000         ; * @note   spécifique Jeu Laser, PWM liée exclusivement
                        au TIM3, chan3
   13 00000000         ; * @param  Thaut_ticks : durée de l'état haut d'une imp
                       ulsion en Ticks
   14 00000000         ;  * @retval None
   15 00000000         ; */
   16 00000000         
   17 00000000         ;void PWM_Set_Value_TIM3_Ch3( unsigned short int Thaut_t
                       icks);
   18 00000000                 import           PWM_Set_Value_TIM3_Ch3
   19 00000000         
   20 00000000         
   21 00000000         
   22 00000000         ;/**
   23 00000000         ; * @brief  Mise à 1 d'une broche GPIO 
   24 00000000         ;  * @note   Une fonction par GPIO
   25 00000000         ; * @param  Broche : 0 à 15
   26 00000000         ; * @retval None
   27 00000000         ; */
   28 00000000         
   29 00000000         ;void GPIOA_Set(char Broche);
   30 00000000                 import           GPIOA_Set
   31 00000000         
   32 00000000         ;void GPIOB_Set(char Broche);
   33 00000000                 import           GPIOB_Set
   34 00000000         
   35 00000000         ;void GPIOC_Set(char Broche);
   36 00000000                 import           GPIOC_Set
   37 00000000         
   38 00000000         
   39 00000000         
   40 00000000         ;/**
   41 00000000         ; * @brief  Mise à 0 d'une broche GPIO 
   42 00000000         ;  * @note   Une fonction par GPIO
   43 00000000         ; * @param  Broche : 0 à 15



ARM Macro Assembler    Page 2 


   44 00000000         ; * @retval None
   45 00000000         ;  */
   46 00000000         
   47 00000000         ;void GPIOA_Clear(char Broche);
   48 00000000                 import           GPIOA_Clear
   49 00000000         
   50 00000000         ;void GPIOB_Clear(char Broche);
   51 00000000                 import           GPIOB_Clear
   52 00000000         
   53 00000000         ;void GPIOC_Clear(char Broche);
   54 00000000                 import           GPIOC_Clear
   55 00000000         
   56 00000000                 end
   10 00000000         
   11 00000000         ; ====================== zone de réservation de données,
                         ======================================
   12 00000000         ;Section RAM (read only) :
   13 00000000                 area             mesdata,data,readonly
   14 00000000         
   15 00000000         
   16 00000000         ;Section RAM (read write):
   17 00000000                 area             maram,data,readwrite
   18 00000000         
   19 00000000 00 00   sortieson
                               dcw              0
   20 00000002 00 00   index   dcw              0
   21 00000004                 export           sortieson
   22 00000004         
   23 00000004         ; ======================================================
                       =========================================
   24 00000004         
   25 00000004         ;;int sortieson=0;
   26 00000004         ;;static int index =0;
   27 00000004         ;;void callbackson(void)
   28 00000004         ;;{
   29 00000004         ;; if(index<LongueurSon){
   30 00000004         ;;  sortieson=((Son[index]+32768)/(32768+32767))*720;
   31 00000004         ;;  index++;
   32 00000004         ;; }
   33 00000004         ;;}
   34 00000004         
   35 00000004         
   36 00000004         ;Section ROM code (read only) :  
   37 00000004                 area             moncode,code,readonly
   38 00000000         ; écrire le code ici  
   39 00000000         callbackson
                               PROC
   40 00000000 B5F0            push             {lr,r4,r5,r6,r7}
   41 00000002 4812            ldr              r0,=index
   42 00000004 4912            ldr              r1,=LongueurSon
   43 00000006 6802            ldr              r2,[r0]
   44 00000008 680B            ldr              r3,[r1]
   45 0000000A         
   46 0000000A 429A            cmp              r2,r3
   47 0000000C         
   48 0000000C DA12            bge              Exit        ;si index>=Longueur
                                                            Son, on sort
   49 0000000E         
   50 0000000E 4C11            ldr              r4,=Son



ARM Macro Assembler    Page 3 


   51 00000010 F934 5012       ldrsh            r5,[r4,r2,lsl #1]
   52 00000014         
   53 00000014 F505 4500       add              r5,#32768
   54 00000018 F04F 065B       mov              r6,#91
   55 0000001C FBB5 F5F6       udiv             r5,r5,r6
   56 00000020         
   57 00000020 4F0D            ldr              r7,=sortieson
   58 00000022 803D            strh             r5,[r7]
   59 00000024 B40F            push             {r0,r1,r2,r3}
   60 00000026 4628            mov              r0, r5
   61 00000028 F7FF FFFE       bl               PWM_Set_Value_TIM3_Ch3
   62 0000002C BC0F            pop              {r0,r1,r2,r3}
   63 0000002E F102 0201       add              r2,#1
   64 00000032         
   65 00000032 8002            strh             r2,[r0]
   66 00000034         
   67 00000034         Exit
   68 00000034 E8BD 40F0       pop              {lr,r4,r5,r6,r7}
   69 00000038 4770            bx               lr
   70 0000003A                 ENDP
   71 0000003A         
   72 0000003A         startson
                               PROC
   73 0000003A B5F0            push{lr,r4,r5,r6,r7}
   74 0000003C 4803            ldr              r0,=index
   75 0000003E 6801            ldr              r1,[r0]
   76 00000040 F04F 0100       mov              r1,#0
   77 00000044 8001            strh             r1,[r0]
   78 00000046 E8BD 40F0       pop{lr,r4,r5,r6,r7}
   79 0000004A 4770            bx               lr
   80 0000004C                 ENDP
   81 0000004C         
   82 0000004C                 END
              00000000 
              00000000 
              00000000 
              00000000 
Command Line: --debug --xref --diag_suppress=9931 --cpu=Cortex-M3 --apcs=interw
ork --depend=.\obj\gestionson.d -o.\obj\gestionson.o -I.\Driver -I.\RTE\_CibleS
ondeKEIL -IC:\Programdata\Keil\Arm\Packs\ARM\CMSIS\5.7.0\CMSIS\Core\Include -IC
:\Programdata\Keil\Arm\Packs\Keil\STM32F1xx_DFP\2.3.0\Device\Include --predefin
e="__EVAL SETA 1" --predefine="__MICROLIB SETA 1" --predefine="__UVISION_VERSIO
N SETA 534" --predefine="_RTE_ SETA 1" --predefine="STM32F10X_MD SETA 1" --pred
efine="_RTE_ SETA 1" --list=gestionson.lst Src\GestionSon.s



ARM Macro Assembler    Page 1 Alphabetic symbol ordering
Relocatable symbols

mesdata 00000000

Symbol: mesdata
   Definitions
      At line 13 in file Src\GestionSon.s
   Uses
      None
Comment: mesdata unused
1 symbol



ARM Macro Assembler    Page 1 Alphabetic symbol ordering
Relocatable symbols

index 00000002

Symbol: index
   Definitions
      At line 20 in file Src\GestionSon.s
   Uses
      At line 7 in file Src\GestionSon.s
      At line 41 in file Src\GestionSon.s
      At line 74 in file Src\GestionSon.s

maram 00000000

Symbol: maram
   Definitions
      At line 17 in file Src\GestionSon.s
   Uses
      None
Comment: maram unused
sortieson 00000000

Symbol: sortieson
   Definitions
      At line 19 in file Src\GestionSon.s
   Uses
      At line 21 in file Src\GestionSon.s
      At line 57 in file Src\GestionSon.s

3 symbols



ARM Macro Assembler    Page 1 Alphabetic symbol ordering
Relocatable symbols

Exit 00000034

Symbol: Exit
   Definitions
      At line 67 in file Src\GestionSon.s
   Uses
      At line 48 in file Src\GestionSon.s
Comment: Exit used once
callbackson 00000000

Symbol: callbackson
   Definitions
      At line 39 in file Src\GestionSon.s
   Uses
      At line 3 in file Src\GestionSon.s
Comment: callbackson used once
moncode 00000000

Symbol: moncode
   Definitions
      At line 37 in file Src\GestionSon.s
   Uses
      None
Comment: moncode unused
startson 0000003A

Symbol: startson
   Definitions
      At line 72 in file Src\GestionSon.s
   Uses
      At line 4 in file Src\GestionSon.s
Comment: startson used once
4 symbols



ARM Macro Assembler    Page 1 Alphabetic symbol ordering
External symbols

GPIOA_Clear 00000000

Symbol: GPIOA_Clear
   Definitions
      At line 48 in file .\Driver\DriverJeuLaser.inc
   Uses
      None
Comment: GPIOA_Clear unused
GPIOA_Set 00000000

Symbol: GPIOA_Set
   Definitions
      At line 30 in file .\Driver\DriverJeuLaser.inc
   Uses
      None
Comment: GPIOA_Set unused
GPIOB_Clear 00000000

Symbol: GPIOB_Clear
   Definitions
      At line 51 in file .\Driver\DriverJeuLaser.inc
   Uses
      None
Comment: GPIOB_Clear unused
GPIOB_Set 00000000

Symbol: GPIOB_Set
   Definitions
      At line 33 in file .\Driver\DriverJeuLaser.inc
   Uses
      None
Comment: GPIOB_Set unused
GPIOC_Clear 00000000

Symbol: GPIOC_Clear
   Definitions
      At line 54 in file .\Driver\DriverJeuLaser.inc
   Uses
      None
Comment: GPIOC_Clear unused
GPIOC_Set 00000000

Symbol: GPIOC_Set
   Definitions
      At line 36 in file .\Driver\DriverJeuLaser.inc
   Uses
      None
Comment: GPIOC_Set unused
LongueurSon 00000000

Symbol: LongueurSon
   Definitions
      At line 6 in file Src\GestionSon.s
   Uses
      At line 42 in file Src\GestionSon.s
Comment: LongueurSon used once
PWM_Set_Value_TIM3_Ch3 00000000

Symbol: PWM_Set_Value_TIM3_Ch3



ARM Macro Assembler    Page 2 Alphabetic symbol ordering
External symbols

   Definitions
      At line 8 in file Src\GestionSon.s
      At line 18 in file .\Driver\DriverJeuLaser.inc
   Uses
      At line 61 in file Src\GestionSon.s
Warning: PWM_Set_Value_TIM3_Ch3 multiply definedComment: PWM_Set_Value_TIM3_Ch3
 used once
Son 00000000

Symbol: Son
   Definitions
      At line 5 in file Src\GestionSon.s
   Uses
      At line 50 in file Src\GestionSon.s
Comment: Son used once
9 symbols
354 symbols in table
